app/build/intermediates/manifest_merge_blame_file/debug/manifest-merger-blame-debug-report.txt
1<?xml version="1.0" encoding="utf-8"?>
2<manifest xmlns:android="http://schemas.android.com/apk/res/android"
3    package="com.example.module_android_bluedemo"
4    android:versionCode="1"
5    android:versionName="1.6.0.0" >
6
7    <uses-sdk
8        android:minSdkVersion="18"
8-->src/main/AndroidManifest.xml
9        android:targetSdkVersion="26" />
9-->src/main/AndroidManifest.xml
10
11    <uses-permission android:name="android.permission.BLUETOOTH" />
11-->src/main/AndroidManifest.xml:7:2-64
11-->src/main/AndroidManifest.xml:7:19-62
12    <uses-permission android:name="android.permission.BLUETOOTH_ADMIN" />
12-->src/main/AndroidManifest.xml:8:5-73
12-->src/main/AndroidManifest.xml:8:22-71
13    <uses-permission android:name="android.permission.BLUETOOTH_PRIVILEGED" />
13-->src/main/AndroidManifest.xml:9:5-78
13-->src/main/AndroidManifest.xml:9:22-76
14    <uses-permission android:name="android.permission.READ_EXTERNAL_STORAGE" />
14-->src/main/AndroidManifest.xml:10:5-79
14-->src/main/AndroidManifest.xml:10:22-77
15    <uses-permission android:name="android.permission.WRITE_EXTERNAL_STORAGE" />
15-->src/main/AndroidManifest.xml:11:5-80
15-->src/main/AndroidManifest.xml:11:22-78
16    <uses-permission android:name="android.permission.WAKE_LOCK" />
16-->src/main/AndroidManifest.xml:12:5-67
16-->src/main/AndroidManifest.xml:12:22-65
17    <uses-permission android:name="android.permission.ACCESS_COARSE_LOCATION" />
17-->src/main/AndroidManifest.xml:13:5-80
17-->src/main/AndroidManifest.xml:13:22-78
18    <uses-permission android:name="android.permission.ACCESS_FINE_LOCATION" />
18-->src/main/AndroidManifest.xml:14:5-78
18-->src/main/AndroidManifest.xml:14:22-76
19    <uses-permission android:name="android.permission.WRITE_SETTINGS" />
19-->src/main/AndroidManifest.xml:15:9-76
19-->src/main/AndroidManifest.xml:15:26-74
20
21    <application
21-->src/main/AndroidManifest.xml:18:5-88:19
22        android:name="com.example.module_android_bluedemo.MyApplication"
22-->src/main/AndroidManifest.xml:23:9-73
23        android:allowBackup="true"
23-->src/main/AndroidManifest.xml:19:9-35
24        android:debuggable="true"
25        android:icon="@drawable/ic_launcher_bl"
25-->src/main/AndroidManifest.xml:20:9-48
26        android:label="@string/app_name"
26-->src/main/AndroidManifest.xml:21:9-41
27        android:theme="@style/AppTheme" >
27-->src/main/AndroidManifest.xml:22:9-40
28        <activity
28-->src/main/AndroidManifest.xml:24:9-33:20
29            android:name="com.example.module_android_bluedemo.MainActivity"
29-->src/main/AndroidManifest.xml:25:13-76
30            android:label="@string/app_name"
30-->src/main/AndroidManifest.xml:27:13-45
31            android:screenOrientation="portrait" >
31-->src/main/AndroidManifest.xml:26:14-50
32            <intent-filter>
32-->src/main/AndroidManifest.xml:28:13-32:29
33                <action android:name="android.intent.action.MAIN" />
33-->src/main/AndroidManifest.xml:29:17-69
33-->src/main/AndroidManifest.xml:29:25-66
34
35                <category android:name="android.intent.category.LAUNCHER" />
35-->src/main/AndroidManifest.xml:31:17-77
35-->src/main/AndroidManifest.xml:31:27-74
36            </intent-filter>
37        </activity>
38        <activity
38-->src/main/AndroidManifest.xml:35:11-39:20
39            android:name="com.example.module_android_bluedemo.Sub4TabActivity"
39-->src/main/AndroidManifest.xml:36:13-79
40            android:screenOrientation="portrait" >
40-->src/main/AndroidManifest.xml:37:15-51
41        </activity>
42        <activity
42-->src/main/AndroidManifest.xml:40:10-44:20
43            android:name="com.example.module_android_bluedemo.Sub1TabActivity"
43-->src/main/AndroidManifest.xml:41:13-79
44            android:screenOrientation="portrait" >
44-->src/main/AndroidManifest.xml:42:15-51
45        </activity>
46        <activity
46-->src/main/AndroidManifest.xml:45:11-49:20
47            android:name="com.example.module_android_bluedemo.Sub3TabActivity"
47-->src/main/AndroidManifest.xml:46:13-79
48            android:screenOrientation="portrait" >
48-->src/main/AndroidManifest.xml:47:15-51
49        </activity>
50        <activity
50-->src/main/AndroidManifest.xml:50:11-54:24
51            android:name="com.example.module_android_bluedemo.SubDebugActivity"
51-->src/main/AndroidManifest.xml:51:13-80
52            android:screenOrientation="portrait" >
52-->src/main/AndroidManifest.xml:52:14-50
53        </activity>
54        <activity
54-->src/main/AndroidManifest.xml:55:11-59:20
55            android:name="com.example.module_android_bluedemo.SubBlueSetTabActivity"
55-->src/main/AndroidManifest.xml:56:13-85
56            android:screenOrientation="portrait" >
56-->src/main/AndroidManifest.xml:57:14-50
57        </activity>
58        <activity
58-->src/main/AndroidManifest.xml:60:12-64:20
59            android:name="com.example.module_android_bluedemo.SubSystemActivity"
59-->src/main/AndroidManifest.xml:61:13-81
60            android:screenOrientation="portrait" >
60-->src/main/AndroidManifest.xml:62:14-50
61        </activity>
62        <activity
62-->src/main/AndroidManifest.xml:65:13-70:20
63            android:name="com.example.module_android_bluedemo.OprationBLEActivity"
63-->src/main/AndroidManifest.xml:66:13-83
64            android:screenOrientation="portrait"
64-->src/main/AndroidManifest.xml:68:14-50
65            android:theme="@android:style/Theme.Dialog" >
65-->src/main/AndroidManifest.xml:67:14-57
66        </activity>
67        <activity
67-->src/main/AndroidManifest.xml:71:10-75:20
68            android:name="com.example.module_android_bluedemo.SubCustomActivity"
68-->src/main/AndroidManifest.xml:72:13-81
69            android:screenOrientation="portrait" >
69-->src/main/AndroidManifest.xml:73:14-50
70        </activity>
71        <activity
71-->src/main/AndroidManifest.xml:76:9-81:20
72            android:name="com.example.module_android_bluedemo.SubPathActivity"
72-->src/main/AndroidManifest.xml:77:13-79
73            android:screenOrientation="portrait"
73-->src/main/AndroidManifest.xml:78:15-51
74            android:windowSoftInputMode="stateHidden" >
74-->src/main/AndroidManifest.xml:79:15-56
75        </activity>
76        <activity
76-->src/main/AndroidManifest.xml:82:9-87:20
77            android:name="com.example.module_android_bluedemo.UpdateActivity"
77-->src/main/AndroidManifest.xml:83:14-79
78            android:screenOrientation="portrait"
78-->src/main/AndroidManifest.xml:84:15-51
79            android:windowSoftInputMode="stateHidden" >
79-->src/main/AndroidManifest.xml:85:15-56
80        </activity>
81    </application>
82
83</manifest>